{"level":"info","message":"Server is running on http://localhost:3000","service":"mobile-cover-inventory","timestamp":"2025-12-21T18:26:22.684Z"}
{"level":"info","message":"Environment: development","service":"mobile-cover-inventory","timestamp":"2025-12-21T18:26:22.687Z"}
{"level":"info","message":"Log Level: info","service":"mobile-cover-inventory","timestamp":"2025-12-21T18:26:22.687Z"}
{"level":"info","message":"Server is running on http://localhost:3000","service":"mobile-cover-inventory","timestamp":"2025-12-21T18:35:11.134Z"}
{"level":"info","message":"Environment: development","service":"mobile-cover-inventory","timestamp":"2025-12-21T18:35:11.137Z"}
{"level":"info","message":"Log Level: info","service":"mobile-cover-inventory","timestamp":"2025-12-21T18:35:11.137Z"}
{"level":"info","message":"Server is running on http://localhost:3000","service":"mobile-cover-inventory","timestamp":"2025-12-21T18:45:28.851Z"}
{"level":"info","message":"Environment: development","service":"mobile-cover-inventory","timestamp":"2025-12-21T18:45:28.860Z"}
{"level":"info","message":"Log Level: info","service":"mobile-cover-inventory","timestamp":"2025-12-21T18:45:28.861Z"}
{"level":"info","message":"Starting graceful shutdown...","service":"mobile-cover-inventory","timestamp":"2025-12-21T18:45:36.580Z"}
{"level":"info","message":"Database connection closed.","service":"mobile-cover-inventory","timestamp":"2025-12-21T18:45:36.586Z"}
{"level":"info","message":"Server is running on http://localhost:3000","service":"mobile-cover-inventory","timestamp":"2025-12-21T18:46:56.776Z"}
{"level":"info","message":"Environment: development","service":"mobile-cover-inventory","timestamp":"2025-12-21T18:46:56.779Z"}
{"level":"info","message":"Log Level: info","service":"mobile-cover-inventory","timestamp":"2025-12-21T18:46:56.779Z"}
{"level":"info","message":"Server is running on http://localhost:3000","service":"mobile-cover-inventory","timestamp":"2025-12-21T18:48:20.032Z"}
{"level":"info","message":"Environment: development","service":"mobile-cover-inventory","timestamp":"2025-12-21T18:48:20.035Z"}
{"level":"info","message":"Log Level: info","service":"mobile-cover-inventory","timestamp":"2025-12-21T18:48:20.036Z"}
{"level":"info","message":"Server is running on http://localhost:3000","service":"mobile-cover-inventory","timestamp":"2025-12-21T18:51:54.969Z"}
{"level":"info","message":"Environment: development","service":"mobile-cover-inventory","timestamp":"2025-12-21T18:51:54.972Z"}
{"level":"info","message":"Log Level: info","service":"mobile-cover-inventory","timestamp":"2025-12-21T18:51:54.972Z"}
{"__augmented":true,"code":"SQLITE_ERROR","errno":1,"level":"error","message":"Error fetching products: SQLITE_ERROR: no such table: products","service":"mobile-cover-inventory-products","stack":"Error: SQLITE_ERROR: no such table: products\n--> in Database#get('\\n' +\n  '            SELECT COUNT(*) as total \\n' +\n  '            FROM products p \\n' +\n  '            WHERE 1=1\\n' +\n  '        ', [], [Function (anonymous)])\n    at /home/tiwari/esp-wifi/ecom/utils/database.js:64:21\n    at new Promise (<anonymous>)\n    at DatabaseManager.get (/home/tiwari/esp-wifi/ecom/utils/database.js:63:16)\n    at /home/tiwari/esp-wifi/ecom/routes/products.js:78:45\n    at /home/tiwari/esp-wifi/ecom/middleware/response.js:169:21\n    at Layer.handle [as handle_request] (/home/tiwari/esp-wifi/ecom/node_modules/express/lib/router/layer.js:95:5)\n    at next (/home/tiwari/esp-wifi/ecom/node_modules/express/lib/router/route.js:149:13)\n    at Route.dispatch (/home/tiwari/esp-wifi/ecom/node_modules/express/lib/router/route.js:119:3)\n    at Layer.handle [as handle_request] (/home/tiwari/esp-wifi/ecom/node_modules/express/lib/router/layer.js:95:5)","timestamp":"2025-12-21T18:52:05.600Z"}
{"__augmented":true,"code":"SQLITE_ERROR","errno":1,"level":"error","message":"Error fetching sales: SQLITE_ERROR: no such table: sales","service":"mobile-cover-inventory-sales","stack":"Error: SQLITE_ERROR: no such table: sales\n--> in Database#get('\\n' +\n  '            SELECT COUNT(*) as total \\n' +\n  '            FROM sales s \\n' +\n  '            WHERE 1=1\\n' +\n  '        ', [], [Function (anonymous)])\n    at /home/tiwari/esp-wifi/ecom/utils/database.js:64:21\n    at new Promise (<anonymous>)\n    at DatabaseManager.get (/home/tiwari/esp-wifi/ecom/utils/database.js:63:16)\n    at /home/tiwari/esp-wifi/ecom/routes/sales.js:83:45\n    at /home/tiwari/esp-wifi/ecom/middleware/response.js:169:21\n    at Layer.handle [as handle_request] (/home/tiwari/esp-wifi/ecom/node_modules/express/lib/router/layer.js:95:5)\n    at next (/home/tiwari/esp-wifi/ecom/node_modules/express/lib/router/route.js:149:13)\n    at Route.dispatch (/home/tiwari/esp-wifi/ecom/node_modules/express/lib/router/route.js:119:3)\n    at Layer.handle [as handle_request] (/home/tiwari/esp-wifi/ecom/node_modules/express/lib/router/layer.js:95:5)","timestamp":"2025-12-21T18:52:05.605Z"}
{"level":"info","message":"Server is running on http://localhost:3000","service":"mobile-cover-inventory","timestamp":"2025-12-21T18:53:19.594Z"}
{"level":"info","message":"Environment: development","service":"mobile-cover-inventory","timestamp":"2025-12-21T18:53:19.597Z"}
{"level":"info","message":"Log Level: info","service":"mobile-cover-inventory","timestamp":"2025-12-21T18:53:19.598Z"}
{"__augmented":true,"code":"SQLITE_ERROR","errno":1,"level":"error","message":"Error fetching products: SQLITE_ERROR: no such table: products","service":"mobile-cover-inventory-products","stack":"Error: SQLITE_ERROR: no such table: products\n--> in Database#get('\\n' +\n  '            SELECT COUNT(*) as total \\n' +\n  '            FROM products p \\n' +\n  '            WHERE 1=1\\n' +\n  '        ', [], [Function (anonymous)])\n    at /home/tiwari/esp-wifi/ecom/utils/database.js:64:21\n    at new Promise (<anonymous>)\n    at DatabaseManager.get (/home/tiwari/esp-wifi/ecom/utils/database.js:63:16)\n    at /home/tiwari/esp-wifi/ecom/routes/products.js:78:45\n    at /home/tiwari/esp-wifi/ecom/middleware/response.js:169:21\n    at Layer.handle [as handle_request] (/home/tiwari/esp-wifi/ecom/node_modules/express/lib/router/layer.js:95:5)\n    at next (/home/tiwari/esp-wifi/ecom/node_modules/express/lib/router/route.js:149:13)\n    at Route.dispatch (/home/tiwari/esp-wifi/ecom/node_modules/express/lib/router/route.js:119:3)\n    at Layer.handle [as handle_request] (/home/tiwari/esp-wifi/ecom/node_modules/express/lib/router/layer.js:95:5)","timestamp":"2025-12-21T18:53:29.857Z"}
{"__augmented":true,"code":"SQLITE_ERROR","errno":1,"level":"error","message":"Error fetching sales: SQLITE_ERROR: no such table: sales","service":"mobile-cover-inventory-sales","stack":"Error: SQLITE_ERROR: no such table: sales\n--> in Database#get('\\n' +\n  '            SELECT COUNT(*) as total \\n' +\n  '            FROM sales s \\n' +\n  '            WHERE 1=1\\n' +\n  '        ', [], [Function (anonymous)])\n    at /home/tiwari/esp-wifi/ecom/utils/database.js:64:21\n    at new Promise (<anonymous>)\n    at DatabaseManager.get (/home/tiwari/esp-wifi/ecom/utils/database.js:63:16)\n    at /home/tiwari/esp-wifi/ecom/routes/sales.js:83:45\n    at /home/tiwari/esp-wifi/ecom/middleware/response.js:169:21\n    at Layer.handle [as handle_request] (/home/tiwari/esp-wifi/ecom/node_modules/express/lib/router/layer.js:95:5)\n    at next (/home/tiwari/esp-wifi/ecom/node_modules/express/lib/router/route.js:149:13)\n    at Route.dispatch (/home/tiwari/esp-wifi/ecom/node_modules/express/lib/router/route.js:119:3)\n    at Layer.handle [as handle_request] (/home/tiwari/esp-wifi/ecom/node_modules/express/lib/router/layer.js:95:5)","timestamp":"2025-12-21T18:53:29.862Z"}
{"level":"info","message":"Server is running on http://localhost:3000","service":"mobile-cover-inventory","timestamp":"2025-12-21T18:54:52.664Z"}
{"level":"info","message":"Environment: development","service":"mobile-cover-inventory","timestamp":"2025-12-21T18:54:52.667Z"}
{"level":"info","message":"Log Level: info","service":"mobile-cover-inventory","timestamp":"2025-12-21T18:54:52.667Z"}
{"level":"info","message":"Server is running on http://localhost:3000","service":"mobile-cover-inventory","timestamp":"2025-12-21T19:10:53.360Z"}
{"level":"info","message":"Environment: development","service":"mobile-cover-inventory","timestamp":"2025-12-21T19:10:53.363Z"}
{"level":"info","message":"Log Level: info","service":"mobile-cover-inventory","timestamp":"2025-12-21T19:10:53.363Z"}
{"__augmented":true,"code":"SQLITE_ERROR","errno":1,"level":"error","message":"Error fetching colors: SQLITE_ERROR: no such table: colors","service":"mobile-cover-inventory-products","stack":"Error: SQLITE_ERROR: no such table: colors\n--> in Database#all('SELECT * FROM colors ORDER BY name', [], [Function (anonymous)])\n    at /home/tiwari/esp-wifi/ecom/utils/database.js:79:21\n    at new Promise (<anonymous>)\n    at DatabaseManager.all (/home/tiwari/esp-wifi/ecom/utils/database.js:78:16)\n    at /home/tiwari/esp-wifi/ecom/routes/products.js:437:36\n    at ColorsCache.getOrFetch (/home/tiwari/esp-wifi/ecom/utils/cache.js:198:29)\n    at /home/tiwari/esp-wifi/ecom/routes/products.js:436:42\n    at /home/tiwari/esp-wifi/ecom/middleware/response.js:169:21\n    at Layer.handle [as handle_request] (/home/tiwari/esp-wifi/ecom/node_modules/express/lib/router/layer.js:95:5)\n    at next (/home/tiwari/esp-wifi/ecom/node_modules/express/lib/router/route.js:149:13)","timestamp":"2025-12-21T19:18:19.424Z"}
{"__augmented":true,"code":"SQLITE_ERROR","errno":1,"level":"error","message":"Error fetching phone models: SQLITE_ERROR: no such table: phone_models","service":"mobile-cover-inventory-products","stack":"Error: SQLITE_ERROR: no such table: phone_models\n--> in Database#all('SELECT * FROM phone_models ORDER BY brand, model', [], [Function (anonymous)])\n    at /home/tiwari/esp-wifi/ecom/utils/database.js:79:21\n    at new Promise (<anonymous>)\n    at DatabaseManager.all (/home/tiwari/esp-wifi/ecom/utils/database.js:78:16)\n    at /home/tiwari/esp-wifi/ecom/routes/products.js:350:36\n    at PhoneModelsCache.getOrFetch (/home/tiwari/esp-wifi/ecom/utils/cache.js:198:29)\n    at /home/tiwari/esp-wifi/ecom/routes/products.js:349:47\n    at /home/tiwari/esp-wifi/ecom/middleware/response.js:169:21\n    at Layer.handle [as handle_request] (/home/tiwari/esp-wifi/ecom/node_modules/express/lib/router/layer.js:95:5)\n    at next (/home/tiwari/esp-wifi/ecom/node_modules/express/lib/router/route.js:149:13)","timestamp":"2025-12-21T19:18:27.900Z"}
{"level":"info","message":"Starting graceful shutdown...","service":"mobile-cover-inventory","timestamp":"2025-12-21T19:22:13.237Z"}
{"level":"info","message":"Database connection closed.","service":"mobile-cover-inventory","timestamp":"2025-12-21T19:22:13.279Z"}
